<?xml version="1.0" encoding="UTF-8"?>
<!-- Generated by org.testng.reporters.JUnitReportReporter -->
<testsuite hostname="VI-ThinkPad" name="ru.stqa.selenium.LoginTest" tests="1" failures="0" timestamp="17 Jul 2016 20:34:15 GMT" time="8.411" errors="0">
  <testcase name="testLogin" time="8.411" classname="ru.stqa.selenium.LoginTest"/>
</testsuite> <!-- ru.stqa.selenium.LoginTest -->
