<?xml version="1.0" encoding="UTF-8"?>
<!-- Generated by org.testng.reporters.JUnitReportReporter -->
<testsuite hostname="VI-ThinkPad" name="ru.stqa.selenium.SearchMovie" tests="1" failures="0" timestamp="22 Jul 2016 22:17:25 GMT" time="8.410" errors="0">
  <testcase name="testSearchMovie" time="8.410" classname="ru.stqa.selenium.SearchMovie"/>
</testsuite> <!-- ru.stqa.selenium.SearchMovie -->
