<?xml version="1.0" encoding="UTF-8"?>
<!-- Generated by org.testng.reporters.JUnitReportReporter -->
<testsuite hostname="VI-ThinkPad" name="ru.stqa.selenium.AddMovie" tests="1" failures="0" timestamp="21 Jul 2016 06:18:03 GMT" time="11.232" errors="0">
  <testcase name="testAddMovie" time="11.232" classname="ru.stqa.selenium.AddMovie"/>
</testsuite> <!-- ru.stqa.selenium.AddMovie -->
