<?xml version="1.0" encoding="UTF-8"?>
<!-- Generated by org.testng.reporters.JUnitReportReporter -->
<testsuite hostname="VI-ThinkPad" name="ru.stqa.selenium.SearchMovie" tests="1" failures="0" timestamp="24 Jul 2016 11:08:26 GMT" time="8.863" errors="0">
  <testcase name="testSearchMovie" time="8.863" classname="ru.stqa.selenium.SearchMovie"/>
</testsuite> <!-- ru.stqa.selenium.SearchMovie -->
