<?xml version="1.0" encoding="UTF-8"?>
<!-- Generated by org.testng.reporters.JUnitReportReporter -->
<testsuite hostname="VI-ThinkPad" name="ru.stqa.selenium.SearchMovieWithResaltTrue" tests="1" failures="0" timestamp="24 Jul 2016 11:17:50 GMT" time="8.095" errors="0">
  <testcase name="testSearchMovieResTrue" time="8.095" classname="ru.stqa.selenium.SearchMovieWithResaltTrue"/>
</testsuite> <!-- ru.stqa.selenium.SearchMovieWithResaltTrue -->
