<?xml version="1.0" encoding="UTF-8"?>
<!-- Generated by org.testng.reporters.JUnitReportReporter -->
<testsuite hostname="VI-ThinkPad" name="ru.stqa.selenium.SearchMovieWithResultFalse" tests="1" failures="0" timestamp="26 Jul 2016 05:29:04 GMT" time="15.639" errors="0">
  <testcase name="testSearchMovieResFalse" time="15.639" classname="ru.stqa.selenium.SearchMovieWithResultFalse"/>
</testsuite> <!-- ru.stqa.selenium.SearchMovieWithResultFalse -->
