<?xml version="1.0" encoding="UTF-8"?>
<!-- Generated by org.testng.reporters.JUnitReportReporter -->
<testsuite hostname="VI-ThinkPad" name="ru.stqa.selenium.AddMovie" tests="1" failures="0" timestamp="24 Jul 2016 09:33:16 GMT" time="10.408" errors="0">
  <testcase name="testAddMovie" time="10.408" classname="ru.stqa.selenium.AddMovie"/>
</testsuite> <!-- ru.stqa.selenium.AddMovie -->
