<?xml version="1.0" encoding="UTF-8"?>
<!-- Generated by org.testng.reporters.JUnitReportReporter -->
<testsuite hostname="VI-ThinkPad" name="ru.stqa.selenium.SearchMovieWithResaltFalse" tests="1" failures="0" timestamp="24 Jul 2016 11:15:23 GMT" time="8.358" errors="0">
  <testcase name="testSearchMovieResFalse" time="8.358" classname="ru.stqa.selenium.SearchMovieWithResaltFalse"/>
</testsuite> <!-- ru.stqa.selenium.SearchMovieWithResaltFalse -->
