<?xml version="1.0" encoding="UTF-8"?>
<!-- Generated by org.testng.reporters.JUnitReportReporter -->
<testsuite hostname="VI-ThinkPad" name="ru.stqa.selenium.RemoveMovie" tests="1" failures="0" timestamp="21 Jul 2016 06:18:57 GMT" time="9.225" errors="0">
  <testcase name="testRemoveMovie" time="9.225" classname="ru.stqa.selenium.RemoveMovie"/>
</testsuite> <!-- ru.stqa.selenium.RemoveMovie -->
