<?xml version="1.0" encoding="UTF-8"?>
<!-- Generated by org.testng.reporters.JUnitReportReporter -->
<testsuite hostname="VI-ThinkPad" name="ru.stqa.selenium.SearchMovieWithResultTrue" tests="1" failures="0" timestamp="26 Jul 2016 05:16:05 GMT" time="16.569" errors="0">
  <testcase name="testSearchMovieResTrue" time="16.569" classname="ru.stqa.selenium.SearchMovieWithResultTrue"/>
</testsuite> <!-- ru.stqa.selenium.SearchMovieWithResultTrue -->
