<?xml version="1.0" encoding="UTF-8"?>
<!-- Generated by org.testng.reporters.JUnitReportReporter -->
<testsuite hostname="VI-ThinkPad" name="ru.stqa.selenium.SearchMovieWithResultFalse" tests="1" failures="0" timestamp="24 Jul 2016 23:30:02 GMT" time="8.358" errors="0">
  <testcase name="testSearchMovieResFalse" time="8.358" classname="ru.stqa.selenium.SearchMovieWithResultFalse"/>
</testsuite> <!-- ru.stqa.selenium.SearchMovieWithResultFalse -->
