<?xml version="1.0" encoding="UTF-8"?>
<!-- Generated by org.testng.reporters.JUnitReportReporter -->
<testsuite hostname="VI-ThinkPad" name="ru.stqa.selenium.SearchMovieWithResultTrue" tests="1" failures="0" timestamp="24 Jul 2016 23:14:31 GMT" time="8.800" errors="0">
  <testcase name="testSearchMovieResTrue" time="8.800" classname="ru.stqa.selenium.SearchMovieWithResultTrue"/>
</testsuite> <!-- ru.stqa.selenium.SearchMovieWithResultTrue -->
